<?xml version="1.0" encoding="UTF-8"?>
<!-- Generated by org.testng.reporters.JUnitReportReporter -->
<testsuite skipped="0" hostname="Deepu" name="sampleGITTest.sampleGitTest" tests="1" failures="0" timestamp="15 Apr 2018 05:51:05 GMT" time="23.623" errors="0">
  <testcase name="logintest" time="23.623" classname="sampleGITTest.sampleGitTest"/>
</testsuite> <!-- sampleGITTest.sampleGitTest -->
